<?xml version="1.0" encoding="UTF-8"?>
<!-- Generated by org.testng.reporters.JUnitXMLReporter -->
<testsuite ignored="0" hostname="DESKTOP-NU2HF77" failures="1" tests="6" name="DataVariablesLogin" time="15.846" errors="0" timestamp="2025-05-06T18:17:02 IST">
  <testcase classname="testNG.test1" name="OpenEnrollment1" time="0.011"/>
  <testcase classname="testNG.test1" name="OpenEnrollment2" time="0.014">
    <failure type="java.lang.AssertionError" message="expected [true] but found [false]">
      <![CDATA[java.lang.AssertionError: expected [true] but found [false]
at testNG.test1.OpenEnrollment2(test1.java:29)
at java.base/java.util.ArrayList.forEach(ArrayList.java:1511)
at java.base/java.util.concurrent.FutureTask.run(FutureTask.java:264)
at java.base/java.util.concurrent.ThreadPoolExecutor.runWorker(ThreadPoolExecutor.java:1136)
at java.base/java.util.concurrent.ThreadPoolExecutor$Worker.run(ThreadPoolExecutor.java:635)
at java.base/java.lang.Thread.run(Thread.java:842)
... Removed 21 stack frames]]>
    </failure>
  </testcase> <!-- OpenEnrollment2 -->
  <testcase classname="testNG.dataVariableLogin" name="login" time="4.585"/>
  <testcase classname="testNG.dataVariableLogin" name="login" time="3.794"/>
  <testcase classname="testNG.dataVariableLogin" name="login" time="3.707"/>
  <testcase classname="testNG.dataVariableLogin" name="login" time="3.675"/>
</testsuite> <!-- DataVariablesLogin -->
