<?xml version="1.0" encoding="UTF-8"?>
<testng-results ignored="0" total="2" passed="1" failed="1" skipped="0">
  <reporter-output>
  </reporter-output>
<<<<<<< HEAD
  <suite started-at="2025-05-06T19:51:56 IST" name="Default suite" finished-at="2025-05-06T19:51:56 IST" duration-ms="74">
    <groups>
    </groups>
    <test started-at="2025-05-06T19:51:56 IST" name="Default test" finished-at="2025-05-06T19:51:56 IST" duration-ms="74">
      <class name="testNG.test1">
        <test-method signature="OpenEnrollment1()[pri:1, instance:testNG.test1@43bc63a3]" started-at="2025-05-06T19:51:56 IST" name="OpenEnrollment1" finished-at="2025-05-06T19:51:56 IST" duration-ms="8" status="PASS">
          <reporter-output>
          </reporter-output>
        </test-method> <!-- OpenEnrollment1 -->
        <test-method signature="OpenEnrollment2()[pri:2, instance:testNG.test1@43bc63a3]" started-at="2025-05-06T19:51:56 IST" name="OpenEnrollment2" finished-at="2025-05-06T19:51:56 IST" duration-ms="14" status="FAIL">
          <exception class="java.lang.AssertionError">
=======
  <suite started-at="2025-05-09T20:50:50 IST" name="Suite" finished-at="2025-05-09T20:51:41 IST" duration-ms="50725">
    <groups>
    </groups>
    <test started-at="2025-05-09T20:50:50 IST" name="Regression" finished-at="2025-05-09T20:51:41 IST" duration-ms="50725">
      <class name="mvnFrameWorks.shoppingOrder1Test">
        <test-method is-config="true" signature="launchBrowser()[pri:0, instance:mvnFrameWorks.shoppingOrder1Test@3eb738bb]" started-at="2025-05-09T20:50:50 IST" name="launchBrowser" finished-at="2025-05-09T20:50:56 IST" duration-ms="6211" status="PASS">
          <reporter-output>
          </reporter-output>
        </test-method> <!-- launchBrowser -->
        <test-method signature="productShoppings()[pri:0, instance:mvnFrameWorks.shoppingOrder1Test@3eb738bb]" started-at="2025-05-09T20:50:56 IST" name="productShoppings" finished-at="2025-05-09T20:51:05 IST" duration-ms="9167" status="PASS">
          <reporter-output>
          </reporter-output>
        </test-method> <!-- productShoppings -->
        <test-method is-config="true" signature="quitDriver()[pri:0, instance:mvnFrameWorks.shoppingOrder1Test@3eb738bb]" started-at="2025-05-09T20:51:05 IST" name="quitDriver" finished-at="2025-05-09T20:51:06 IST" duration-ms="986" status="PASS">
          <reporter-output>
          </reporter-output>
        </test-method> <!-- quitDriver -->
        <test-method is-config="true" signature="launchBrowser()[pri:0, instance:mvnFrameWorks.shoppingOrder1Test@3eb738bb]" started-at="2025-05-09T20:51:06 IST" name="launchBrowser" finished-at="2025-05-09T20:51:12 IST" duration-ms="5556" status="PASS">
          <reporter-output>
          </reporter-output>
        </test-method> <!-- launchBrowser -->
        <test-method signature="verifyOrderHistory()[pri:0, instance:mvnFrameWorks.shoppingOrder1Test@3eb738bb]" started-at="2025-05-09T20:51:12 IST" name="verifyOrderHistory" finished-at="2025-05-09T20:51:13 IST" depends-on-methods="mvnFrameWorks.shoppingOrder1Test.productShoppings" duration-ms="905" status="PASS">
          <reporter-output>
          </reporter-output>
        </test-method> <!-- verifyOrderHistory -->
        <test-method is-config="true" signature="quitDriver()[pri:0, instance:mvnFrameWorks.shoppingOrder1Test@3eb738bb]" started-at="2025-05-09T20:51:13 IST" name="quitDriver" finished-at="2025-05-09T20:51:14 IST" duration-ms="1208" status="PASS">
          <reporter-output>
          </reporter-output>
        </test-method> <!-- quitDriver -->
      </class> <!-- mvnFrameWorks.shoppingOrder1Test -->
      <class name="mvnFrameWorks.loginValidationTest">
        <test-method is-config="true" signature="launchBrowser()[pri:0, instance:mvnFrameWorks.loginValidationTest@4c178a76]" started-at="2025-05-09T20:51:14 IST" name="launchBrowser" finished-at="2025-05-09T20:51:19 IST" duration-ms="5304" status="PASS">
          <reporter-output>
          </reporter-output>
        </test-method> <!-- launchBrowser -->
        <test-method retried="true" signature="loginTest()[pri:0, instance:mvnFrameWorks.loginValidationTest@4c178a76]" started-at="2025-05-09T20:51:19 IST" name="loginTest" finished-at="2025-05-09T20:51:20 IST" duration-ms="518" status="SKIP">
          <exception class="org.junit.ComparisonFailure">
>>>>>>> 7cc33b9a58693e55d07b288a9a7711b3ea719fde
            <message>
              <![CDATA[expected [true] but found [false]]]>
            </message>
            <full-stacktrace>
              <![CDATA[java.lang.AssertionError: expected [true] but found [false]
at org.testng.Assert.fail(Assert.java:111)
at org.testng.Assert.failNotEquals(Assert.java:1590)
at org.testng.Assert.assertTrue(Assert.java:57)
at org.testng.Assert.assertTrue(Assert.java:67)
at testNG.test1.OpenEnrollment2(test1.java:29)
at java.base/jdk.internal.reflect.NativeMethodAccessorImpl.invoke0(Native Method)
at java.base/jdk.internal.reflect.NativeMethodAccessorImpl.invoke(NativeMethodAccessorImpl.java:77)
at java.base/jdk.internal.reflect.DelegatingMethodAccessorImpl.invoke(DelegatingMethodAccessorImpl.java:43)
at java.base/java.lang.reflect.Method.invoke(Method.java:568)
at org.testng.internal.invokers.MethodInvocationHelper.invokeMethod(MethodInvocationHelper.java:141)
at org.testng.internal.invokers.TestInvoker.invokeMethod(TestInvoker.java:687)
at org.testng.internal.invokers.TestInvoker.invokeTestMethod(TestInvoker.java:230)
at org.testng.internal.invokers.MethodRunner.runInSequence(MethodRunner.java:63)
at org.testng.internal.invokers.TestInvoker$MethodInvocationAgent.invoke(TestInvoker.java:995)
at org.testng.internal.invokers.TestInvoker.invokeTestMethods(TestInvoker.java:203)
at org.testng.internal.invokers.TestMethodWorker.invokeTestMethods(TestMethodWorker.java:154)
at org.testng.internal.invokers.TestMethodWorker.run(TestMethodWorker.java:134)
at java.base/java.util.ArrayList.forEach(ArrayList.java:1511)
at org.testng.TestRunner.privateRun(TestRunner.java:741)
at org.testng.TestRunner.run(TestRunner.java:616)
at org.testng.SuiteRunner.runTest(SuiteRunner.java:421)
at org.testng.SuiteRunner.runSequentially(SuiteRunner.java:413)
at org.testng.SuiteRunner.privateRun(SuiteRunner.java:373)
at org.testng.SuiteRunner.run(SuiteRunner.java:312)
at org.testng.SuiteRunnerWorker.runSuite(SuiteRunnerWorker.java:52)
at org.testng.SuiteRunnerWorker.run(SuiteRunnerWorker.java:95)
at org.testng.TestNG.runSuitesSequentially(TestNG.java:1274)
at org.testng.TestNG.runSuitesLocally(TestNG.java:1208)
at org.testng.TestNG.runSuites(TestNG.java:1112)
at org.testng.TestNG.run(TestNG.java:1079)
at org.testng.remote.AbstractRemoteTestNG.run(AbstractRemoteTestNG.java:115)
at org.testng.remote.RemoteTestNG.initAndRun(RemoteTestNG.java:293)
at org.testng.remote.RemoteTestNG.main(RemoteTestNG.java:91)
]]>
            </full-stacktrace>
          </exception> <!-- java.lang.AssertionError -->
          <reporter-output>
          </reporter-output>
<<<<<<< HEAD
        </test-method> <!-- OpenEnrollment2 -->
      </class> <!-- testNG.test1 -->
    </test> <!-- Default test -->
  </suite> <!-- Default suite -->
=======
        </test-method> <!-- loginTest -->
        <test-method is-config="true" signature="quitDriver()[pri:0, instance:mvnFrameWorks.loginValidationTest@4c178a76]" started-at="2025-05-09T20:51:20 IST" name="quitDriver" finished-at="2025-05-09T20:51:21 IST" duration-ms="1662" status="PASS">
          <reporter-output>
          </reporter-output>
        </test-method> <!-- quitDriver -->
        <test-method is-config="true" signature="launchBrowser()[pri:0, instance:mvnFrameWorks.loginValidationTest@4c178a76]" started-at="2025-05-09T20:51:21 IST" name="launchBrowser" finished-at="2025-05-09T20:51:26 IST" duration-ms="4588" status="PASS">
          <reporter-output>
          </reporter-output>
        </test-method> <!-- launchBrowser -->
        <test-method signature="loginTest()[pri:0, instance:mvnFrameWorks.loginValidationTest@4c178a76]" started-at="2025-05-09T20:51:26 IST" name="loginTest" finished-at="2025-05-09T20:51:27 IST" duration-ms="567" status="FAIL">
          <exception class="org.junit.ComparisonFailure">
            <message>
              <![CDATA[expected:<Incorrect email [] password.> but was:<Incorrect email [or] password.>]]>
            </message>
            <full-stacktrace>
              <![CDATA[org.junit.ComparisonFailure: expected:<Incorrect email [] password.> but was:<Incorrect email [or] password.>
at org.junit.Assert.assertEquals(Assert.java:117)
at org.junit.Assert.assertEquals(Assert.java:146)
at mvnFrameWorks.loginValidationTest.loginTest(loginValidationTest.java:19)
at java.base/jdk.internal.reflect.NativeMethodAccessorImpl.invoke0(Native Method)
at java.base/jdk.internal.reflect.NativeMethodAccessorImpl.invoke(NativeMethodAccessorImpl.java:77)
at java.base/jdk.internal.reflect.DelegatingMethodAccessorImpl.invoke(DelegatingMethodAccessorImpl.java:43)
at java.base/java.lang.reflect.Method.invoke(Method.java:568)
at org.testng.internal.invokers.MethodInvocationHelper.invokeMethod(MethodInvocationHelper.java:141)
at org.testng.internal.invokers.TestInvoker.invokeMethod(TestInvoker.java:687)
at org.testng.internal.invokers.TestInvoker.retryFailed(TestInvoker.java:269)
at org.testng.internal.invokers.MethodRunner.runInSequence(MethodRunner.java:76)
at org.testng.internal.invokers.TestInvoker$MethodInvocationAgent.invoke(TestInvoker.java:995)
at org.testng.internal.invokers.TestInvoker.invokeTestMethods(TestInvoker.java:203)
at org.testng.internal.invokers.TestMethodWorker.invokeTestMethods(TestMethodWorker.java:154)
at org.testng.internal.invokers.TestMethodWorker.run(TestMethodWorker.java:134)
at java.base/java.util.ArrayList.forEach(ArrayList.java:1511)
at org.testng.TestRunner.privateRun(TestRunner.java:741)
at org.testng.TestRunner.run(TestRunner.java:616)
at org.testng.SuiteRunner.runTest(SuiteRunner.java:421)
at org.testng.SuiteRunner.runSequentially(SuiteRunner.java:413)
at org.testng.SuiteRunner.privateRun(SuiteRunner.java:373)
at org.testng.SuiteRunner.run(SuiteRunner.java:312)
at org.testng.SuiteRunnerWorker.runSuite(SuiteRunnerWorker.java:52)
at org.testng.SuiteRunnerWorker.run(SuiteRunnerWorker.java:95)
at org.testng.TestNG.runSuitesSequentially(TestNG.java:1274)
at org.testng.TestNG.runSuitesLocally(TestNG.java:1208)
at org.testng.TestNG.runSuites(TestNG.java:1112)
at org.testng.TestNG.run(TestNG.java:1079)
at org.testng.remote.AbstractRemoteTestNG.run(AbstractRemoteTestNG.java:115)
at org.testng.remote.RemoteTestNG.initAndRun(RemoteTestNG.java:293)
at org.testng.remote.RemoteTestNG.main(RemoteTestNG.java:91)
]]>
            </full-stacktrace>
          </exception> <!-- org.junit.ComparisonFailure -->
          <reporter-output>
          </reporter-output>
        </test-method> <!-- loginTest -->
        <test-method is-config="true" signature="quitDriver()[pri:0, instance:mvnFrameWorks.loginValidationTest@4c178a76]" started-at="2025-05-09T20:51:27 IST" name="quitDriver" finished-at="2025-05-09T20:51:28 IST" duration-ms="1749" status="PASS">
          <reporter-output>
          </reporter-output>
        </test-method> <!-- quitDriver -->
        <test-method is-config="true" signature="launchBrowser()[pri:0, instance:mvnFrameWorks.loginValidationTest@4c178a76]" started-at="2025-05-09T20:51:28 IST" name="launchBrowser" finished-at="2025-05-09T20:51:35 IST" duration-ms="6261" status="PASS">
          <reporter-output>
          </reporter-output>
        </test-method> <!-- launchBrowser -->
        <test-method signature="prdMatch()[pri:0, instance:mvnFrameWorks.loginValidationTest@4c178a76]" started-at="2025-05-09T20:51:35 IST" name="prdMatch" finished-at="2025-05-09T20:51:38 IST" duration-ms="3625" status="PASS">
          <reporter-output>
          </reporter-output>
        </test-method> <!-- prdMatch -->
        <test-method is-config="true" signature="quitDriver()[pri:0, instance:mvnFrameWorks.loginValidationTest@4c178a76]" started-at="2025-05-09T20:51:38 IST" name="quitDriver" finished-at="2025-05-09T20:51:41 IST" duration-ms="2314" status="PASS">
          <reporter-output>
          </reporter-output>
        </test-method> <!-- quitDriver -->
      </class> <!-- mvnFrameWorks.loginValidationTest -->
    </test> <!-- Regression -->
  </suite> <!-- Suite -->
>>>>>>> 7cc33b9a58693e55d07b288a9a7711b3ea719fde
</testng-results>
